<?xml version="1.0" encoding="UTF-8" ?>
<testsuites>
  <testsuite errors="0" failures="0" hostname="kimura-laptop" id="0" name="StoreControllerTests" package="gtunes" tests="1" time="0.491" timestamp="2013-09-20T13:47:22">
      <properties />

      <testcase classname="gtunes.StoreControllerTests" name="testSomething" time="0.486" />

      <system-out><![CDATA[--Output from testSomething--
]]></system-out>

      <system-err><![CDATA[--Output from testSomething--
]]></system-err>

  </testsuite>
</testsuites>
